#
# There is insufficient memory for the Java Runtime Environment to continue.
# Native memory allocation (malloc) failed to allocate 1810896 bytes for Chunk::new
# Possible reasons:
#   The system is out of physical RAM or swap space
#   The process is running with CompressedOops enabled, and the Java Heap may be blocking the growth of the native heap
# Possible solutions:
#   Reduce memory load on the system
#   Increase physical memory or swap space
#   Check if swap backing store is full
#   Decrease Java heap size (-Xmx/-Xms)
#   Decrease number of Java threads
#   Decrease Java thread stack sizes (-Xss)
#   Set larger code cache with -XX:ReservedCodeCacheSize=
#   JVM is running with Unscaled Compressed Oops mode in which the Java heap is
#     placed in the first 4GB address space. The Java Heap base address is the
#     maximum limit for the native heap growth. Please use -XX:HeapBaseMinAddress
#     to set the Java Heap base and to place the Java Heap above 4GB virtual address.
# This output file may be truncated or incomplete.
#
#  Out of Memory Error (./src/hotspot/share/memory/arena.cpp:197), pid=1828, tid=20240
#
# JRE version: OpenJDK Runtime Environment Temurin-11.0.18+10 (11.0.18+10) (build 11.0.18+10)
# Java VM: OpenJDK 64-Bit Server VM Temurin-11.0.18+10 (11.0.18+10, mixed mode, tiered, compressed oops, g1 gc, windows-amd64)
# No core dump will be written. Minidumps are not enabled by default on client versions of Windows
#

---------------  S U M M A R Y ------------

Command Line: -Dawt.toolkit=sun.awt.windows.WToolkit -Dfile.separator=\ -Didea.active=true -Didea.vendor.name=JetBrains -Didea.version=2024.3.3 -Djava.awt.graphicsenv=sun.awt.Win32GraphicsEnvironment -Djava.awt.printerjob=sun.awt.windows.WPrinterJob -Djava.class.version=55.0 -Djava.home=C:\Program Files\Java\jdk-11.0.18+10 -Djava.library.path=C:\Program Files\Java\jdk-11.0.18+10\bin;C:\WINDOWS\Sun\Java\bin;C:\WINDOWS\system32;C:\WINDOWS;C:\Program Files (x86)\Common Files\Oracle\Java\javapath;C:\Python311\Scripts\;C:\Python311\;C:\WINDOWS\system32;C:\WINDOWS;C:\WINDOWS\System32\Wbem;C:\WINDOWS\System32\WindowsPowerShell\v1.0\;C:\WINDOWS\System32\OpenSSH\;C:\Program Files (x86)\NVIDIA Corporation\PhysX\Common;C:\Program Files\NVIDIA Corporation\NVIDIA NvDLISR;C:\Program Files\java\jdk-11.0.18+10\bin;C:\ProgramData\chocolatey\bin;C:\Program Files\TortoiseGit\bin;C:\Program Files\Git\cmd;C:\Program Files\nodejs\;C:\Users\skoli\AppData\Local\Microsoft\WindowsApps;C:\Users\skoli\AppData\Local\Programs\Microsoft VS Code\bin;C:\ProgramData\skoli\GitHubDesktop\bin;C:\Users\skoli\AppData\Local\GitHubDesktop\bin;C:\Users\skoli\AppData\Roaming\npm;D:\IDEA\IntelliJ IDEA Community Edition 2024.3.3\bin;;;. -Djava.runtime.name=OpenJDK Runtime Environment -Djava.runtime.version=11.0.18+10 -Djava.specification.name=Java Platform API Specification -Djava.specification.vendor=Oracle Corporation -Djava.specification.version=11 -Djava.vendor=Eclipse Adoptium -Djava.vendor.url=https://adoptium.net/ -Djava.vendor.url.bug=https://github.com/adoptium/adoptium-support/issues -Djava.vendor.version=Temurin-11.0.18+10 -Djava.version=11.0.18 -Djava.version.date=2023-01-17 -Djava.vm.compressedOopsMode=32-bit -Djava.vm.info=mixed mode -Djava.vm.name=OpenJDK 64-Bit Server VM -Djava.vm.specification.name=Java Virtual Machine Specification -Djava.vm.specification.vendor=Oracle Corporation -Djava.vm.specification.version=11 -Djava.vm.vendor=Eclipse Adoptium -Djava.vm.version=11.0.18+10 -Djdk.debug=release -Dlibrary.jansi.path=C:\Users\skoli\.gradle\native\jansi\1.18\windows64 -Dline.separator=
 -Dorg.gradle.internal.worker.tmpdir=C:\Users\skoli\IdeaProjects\CT_UI\build\tmp\test\work -Dos.arch=amd64 -Dos.name=Windows 11 -Dos.version=10.0 -Dpath.separator=; -Dsun.arch.data.model=64 -Dsun.boot.library.path=C:\Program Files\Java\jdk-11.0.18+10\bin -Dsun.cpu.endian=little -Dsun.cpu.isalist=amd64 -Dsun.desktop=windows -Dsun.io.unicode.encoding=UnicodeLittle -Dsun.jnu.encoding=Cp1251 -Dsun.management.compiler=HotSpot 64-Bit Tiered Compilers -Dsun.os.patch.level -Duser.dir=C:\Users\skoli\IdeaProjects\CT_UI -Duser.home=C:\Users\skoli -Duser.name=skoli -Duser.script -Duser.timezone=GMT+04:00 -javaagent:C:\Users\skoli\.gradle\caches\modules-2\files-2.1\org.aspectj\aspectjweaver\1.9.9.1\dcd2703279a94ad909fa3f3d08671cb0f2dabf7\aspectjweaver-1.9.9.1.jar -Xmx512m -Dfile.encoding=UTF-8 -Djava.io.tmpdir=C:\Users\skoli\AppData\Local\Temp\ -Duser.country=RU -Duser.language=ru -Duser.variant -ea worker.org.gradle.process.internal.worker.GradleWorkerMain 'Gradle Test Executor 22'

Host: Intel(R) Core(TM) i7-5500U CPU @ 2.40GHz, 4 cores, 11G,  Windows 11 , 64 bit Build 26100 (10.0.26100.3037)
Time: Wed Feb 26 19:31:57 2025 RTZ 3 (s 11 , 64 bit Build 26100 (10.0.26100.3037) elapsed time: 24.767986 seconds (0d 0h 0m 24s)

---------------  T H R E A D  ---------------

Current thread (0x0000013947f6e800):  JavaThread "C2 CompilerThread1" daemon [_thread_in_native, id=20240, stack(0x0000002213000000,0x0000002213100000)]


Current CompileTask:
C2:  24768 4014   !   4       jdk.internal.loader.BuiltinClassLoader::loadClassOrNull (143 bytes)

Stack: [0x0000002213000000,0x0000002213100000]
Native frames: (J=compiled Java code, j=interpreted, Vv=VM code, C=native code)
V  [jvm.dll+0x64f2aa]
V  [jvm.dll+0x7e2769]
V  [jvm.dll+0x7e3e69]
V  [jvm.dll+0x7e4553]
V  [jvm.dll+0x26af95]
V  [jvm.dll+0xc1a1c]
V  [jvm.dll+0xc1fcc]
V  [jvm.dll+0x37ae77]
V  [jvm.dll+0x345e45]
V  [jvm.dll+0x3451da]
V  [jvm.dll+0x222d8f]
V  [jvm.dll+0x221d98]
V  [jvm.dll+0x19e681]
V  [jvm.dll+0x231f69]
V  [jvm.dll+0x2300bf]
V  [jvm.dll+0x7a3af0]
V  [jvm.dll+0x79c904]
V  [jvm.dll+0x64e065]
C  [ucrtbase.dll+0x37b0]
C  [KERNEL32.DLL+0x2e8d7]
C  [ntdll.dll+0xbbf2c]


---------------  P R O C E S S  ---------------

Threads class SMR info:
_java_thread_list=0x000001393aeb4980, length=25, elements={
0x000001391cb08800, 0x00000139399b4000, 0x00000139399b4800, 0x000001393a247800,
0x000001393a1f4800, 0x000001393a1f5800, 0x000001393a1f9800, 0x000001393a259000,
0x000001393a25c000, 0x000001393a3b9000, 0x000001393aae5800, 0x0000013943c24000,
0x0000013943c73800, 0x000001394588d000, 0x0000013948611800, 0x0000013948624800,
0x0000013947f61800, 0x00000139499c5800, 0x0000013948e52800, 0x00000139478cb000,
0x0000013948e7d000, 0x0000013948e7c000, 0x0000013948e7b800, 0x0000013948e80000,
0x0000013947f6e800
}

Java Threads: ( => current thread )
  0x000001391cb08800 JavaThread "Test worker" [_thread_in_Java, id=21956, stack(0x0000002211800000,0x0000002211900000)]
  0x00000139399b4000 JavaThread "Reference Handler" daemon [_thread_blocked, id=13764, stack(0x0000002211f00000,0x0000002212000000)]
  0x00000139399b4800 JavaThread "Finalizer" daemon [_thread_blocked, id=18976, stack(0x0000002212000000,0x0000002212100000)]
  0x000001393a247800 JavaThread "Signal Dispatcher" daemon [_thread_blocked, id=15992, stack(0x0000002212100000,0x0000002212200000)]
  0x000001393a1f4800 JavaThread "Attach Listener" daemon [_thread_blocked, id=17588, stack(0x0000002212200000,0x0000002212300000)]
  0x000001393a1f5800 JavaThread "Service Thread" daemon [_thread_blocked, id=16888, stack(0x0000002212300000,0x0000002212400000)]
  0x000001393a1f9800 JavaThread "C2 CompilerThread0" daemon [_thread_in_native, id=21068, stack(0x0000002212400000,0x0000002212500000)]
  0x000001393a259000 JavaThread "C1 CompilerThread0" daemon [_thread_in_vm, id=18444, stack(0x0000002212500000,0x0000002212600000)]
  0x000001393a25c000 JavaThread "Sweeper thread" daemon [_thread_blocked, id=2984, stack(0x0000002212600000,0x0000002212700000)]
  0x000001393a3b9000 JavaThread "Common-Cleaner" daemon [_thread_blocked, id=13688, stack(0x0000002212700000,0x0000002212800000)]
  0x000001393aae5800 JavaThread "/127.0.0.1:52402 to /127.0.0.1:52398 workers" [_thread_blocked, id=3780, stack(0x0000002212e00000,0x0000002212f00000)]
  0x0000013943c24000 JavaThread "/127.0.0.1:52402 to /127.0.0.1:52398 workers Thread 2" [_thread_blocked, id=11480, stack(0x0000002212900000,0x0000002212a00000)]
  0x0000013943c73800 JavaThread "/127.0.0.1:52402 to /127.0.0.1:52398 workers Thread 3" [_thread_in_native, id=21000, stack(0x0000002212f00000,0x0000002213000000)]
  0x000001394588d000 JavaThread "ForkJoinPool.commonPool-worker-3" daemon [_thread_blocked, id=13728, stack(0x0000002213100000,0x0000002213200000)]
  0x0000013948611800 JavaThread "AsyncHttpClient-1-1" daemon [_thread_blocked, id=1036, stack(0x0000002213200000,0x0000002213300000)]
  0x0000013948624800 JavaThread "Exec Default Executor" daemon [_thread_in_native, id=20300, stack(0x0000002213300000,0x0000002213400000)]
  0x0000013947f61800 JavaThread "Exec Stream Pumper" daemon [_thread_in_native, id=18268, stack(0x0000002213400000,0x0000002213500000)]
  0x00000139499c5800 JavaThread "Exec Stream Pumper" daemon [_thread_in_native, id=7376, stack(0x0000002213500000,0x0000002213600000)]
  0x0000013948e52800 JavaThread "Driver Service Executor" daemon [_thread_blocked, id=19568, stack(0x0000002213600000,0x0000002213700000)]
  0x00000139478cb000 JavaThread "Driver Service Executor" daemon [_thread_blocked, id=16584, stack(0x0000002213700000,0x0000002213800000)]
  0x0000013948e7d000 JavaThread "UrlChecker-2" daemon [_thread_blocked, id=2200, stack(0x0000002213800000,0x0000002213900000)]
  0x0000013948e7c000 JavaThread "AsyncHttpClient-1-2" daemon [_thread_in_native, id=15740, stack(0x0000002213a00000,0x0000002213b00000)]
  0x0000013948e7b800 JavaThread "AsyncHttpClient-1-3" daemon [_thread_in_native, id=8212, stack(0x0000002213b00000,0x0000002213c00000)]
  0x0000013948e80000 JavaThread "AsyncHttpClient-1-4" daemon [_thread_in_native, id=20552, stack(0x0000002213c00000,0x0000002213d00000)]
=>0x0000013947f6e800 JavaThread "C2 CompilerThread1" daemon [_thread_in_native, id=20240, stack(0x0000002213000000,0x0000002213100000)]

Other Threads:
  0x00000139399b1000 VMThread "VM Thread" [stack: 0x0000002211e00000,0x0000002211f00000] [id=20616]
  0x000001393aaa9000 WatcherThread [stack: 0x0000002212800000,0x0000002212900000] [id=18124]
  0x000001391cb21800 GCTaskThread "GC Thread#0" [stack: 0x0000002211900000,0x0000002211a00000] [id=21936]
  0x000001393ac74800 GCTaskThread "GC Thread#1" [stack: 0x0000002212a00000,0x0000002212b00000] [id=13248]
  0x000001393ac75000 GCTaskThread "GC Thread#2" [stack: 0x0000002212b00000,0x0000002212c00000] [id=21060]
  0x000001393ac75800 GCTaskThread "GC Thread#3" [stack: 0x0000002212c00000,0x0000002212d00000] [id=17656]
  0x000001391cb33800 ConcurrentGCThread "G1 Main Marker" [stack: 0x0000002211a00000,0x0000002211b00000] [id=5432]
  0x000001391cb3d000 ConcurrentGCThread "G1 Conc#0" [stack: 0x0000002211b00000,0x0000002211c00000] [id=17028]
  0x000001391cb34800 ConcurrentGCThread "G1 Refine#0" [stack: 0x0000002211c00000,0x0000002211d00000] [id=7636]
  0x000001391cbbd800 ConcurrentGCThread "G1 Young RemSet Sampling" [stack: 0x0000002211d00000,0x0000002211e00000] [id=552]

Threads with active compile tasks:
C2 CompilerThread0    24825 4091       4       jdk.internal.org.objectweb.asm.Frame::execute (2264 bytes)
C2 CompilerThread1    24825 4014   !   4       jdk.internal.loader.BuiltinClassLoader::loadClassOrNull (143 bytes)

VM state:not at safepoint (normal execution)

VM Mutex/Monitor currently owned by a thread: None

Heap address: 0x00000000e0000000, size: 512 MB, Compressed Oops mode: 32-bit
Narrow klass base: 0x0000000000000000, Narrow klass shift: 3
Compressed class space size: 1073741824 Address: 0x0000000100000000

Heap:
 garbage-first heap   total 196608K, used 70392K [0x00000000e0000000, 0x0000000100000000)
  region size 1024K, 18 young (18432K), 7 survivors (7168K)
 Metaspace       used 43627K, capacity 44929K, committed 45132K, reserved 1089536K
  class space    used 4901K, capacity 5412K, committed 5504K, reserved 1048576K
Heap Regions: E=young(eden), S=young(survivor), O=old, HS=humongous(starts), HC=humongous(continues), CS=collection set, F=free, A=archive, TAMS=top-at-mark-start (previous, next)
|   0|0x00000000e0000000, 0x00000000e0100000, 0x00000000e0100000|100%|HS|  |TAMS 0x00000000e0100000, 0x00000000e0000000| Complete 
|   1|0x00000000e0100000, 0x00000000e0200000, 0x00000000e0200000|100%| O|  |TAMS 0x00000000e0200000, 0x00000000e0100000| Untracked 
|   2|0x00000000e0200000, 0x00000000e0300000, 0x00000000e0300000|100%| O|  |TAMS 0x00000000e0300000, 0x00000000e0200000| Untracked 
|   3|0x00000000e0300000, 0x00000000e0400000, 0x00000000e0400000|100%| O|  |TAMS 0x00000000e0400000, 0x00000000e0300000| Untracked 
|   4|0x00000000e0400000, 0x00000000e0500000, 0x00000000e0500000|100%| O|  |TAMS 0x00000000e0500000, 0x00000000e0400000| Untracked 
|   5|0x00000000e0500000, 0x00000000e0600000, 0x00000000e0600000|100%| O|  |TAMS 0x00000000e0600000, 0x00000000e0500000| Untracked 
|   6|0x00000000e0600000, 0x00000000e0700000, 0x00000000e0700000|100%| O|  |TAMS 0x00000000e0700000, 0x00000000e0600000| Untracked 
|   7|0x00000000e0700000, 0x00000000e0800000, 0x00000000e0800000|100%| O|  |TAMS 0x00000000e0800000, 0x00000000e0700000| Untracked 
|   8|0x00000000e0800000, 0x00000000e0900000, 0x00000000e0900000|100%| O|  |TAMS 0x00000000e0900000, 0x00000000e0800000| Untracked 
|   9|0x00000000e0900000, 0x00000000e0a00000, 0x00000000e0a00000|100%| O|  |TAMS 0x00000000e0a00000, 0x00000000e0900000| Untracked 
|  10|0x00000000e0a00000, 0x00000000e0b00000, 0x00000000e0b00000|100%| O|  |TAMS 0x00000000e0b00000, 0x00000000e0a00000| Untracked 
|  11|0x00000000e0b00000, 0x00000000e0c00000, 0x00000000e0c00000|100%| O|  |TAMS 0x00000000e0c00000, 0x00000000e0b00000| Untracked 
|  12|0x00000000e0c00000, 0x00000000e0d00000, 0x00000000e0d00000|100%| O|  |TAMS 0x00000000e0d00000, 0x00000000e0c00000| Untracked 
|  13|0x00000000e0d00000, 0x00000000e0e00000, 0x00000000e0e00000|100%| O|  |TAMS 0x00000000e0e00000, 0x00000000e0d00000| Untracked 
|  14|0x00000000e0e00000, 0x00000000e0f00000, 0x00000000e0f00000|100%| O|  |TAMS 0x00000000e0f00000, 0x00000000e0e00000| Untracked 
|  15|0x00000000e0f00000, 0x00000000e1000000, 0x00000000e1000000|100%| O|  |TAMS 0x00000000e1000000, 0x00000000e0f00000| Untracked 
|  16|0x00000000e1000000, 0x00000000e1100000, 0x00000000e1100000|100%| O|  |TAMS 0x00000000e1100000, 0x00000000e1000000| Untracked 
|  17|0x00000000e1100000, 0x00000000e1200000, 0x00000000e1200000|100%| O|  |TAMS 0x00000000e1200000, 0x00000000e1100000| Untracked 
|  18|0x00000000e1200000, 0x00000000e1300000, 0x00000000e1300000|100%| O|  |TAMS 0x00000000e1300000, 0x00000000e1200000| Untracked 
|  19|0x00000000e1300000, 0x00000000e1400000, 0x00000000e1400000|100%| O|  |TAMS 0x00000000e1400000, 0x00000000e1300000| Untracked 
|  20|0x00000000e1400000, 0x00000000e1500000, 0x00000000e1500000|100%| O|  |TAMS 0x00000000e1500000, 0x00000000e1400000| Untracked 
|  21|0x00000000e1500000, 0x00000000e1600000, 0x00000000e1600000|100%| O|  |TAMS 0x00000000e1600000, 0x00000000e1500000| Untracked 
|  22|0x00000000e1600000, 0x00000000e1700000, 0x00000000e1700000|100%| O|  |TAMS 0x00000000e1700000, 0x00000000e1600000| Untracked 
|  23|0x00000000e1700000, 0x00000000e1800000, 0x00000000e1800000|100%| O|  |TAMS 0x00000000e1800000, 0x00000000e1700000| Untracked 
|  24|0x00000000e1800000, 0x00000000e1900000, 0x00000000e1900000|100%| O|  |TAMS 0x00000000e1900000, 0x00000000e1800000| Untracked 
|  25|0x00000000e1900000, 0x00000000e1a00000, 0x00000000e1a00000|100%| O|  |TAMS 0x00000000e1a00000, 0x00000000e1900000| Untracked 
|  26|0x00000000e1a00000, 0x00000000e1b00000, 0x00000000e1b00000|100%| O|  |TAMS 0x00000000e1b00000, 0x00000000e1a00000| Untracked 
|  27|0x00000000e1b00000, 0x00000000e1c00000, 0x00000000e1c00000|100%| O|  |TAMS 0x00000000e1c00000, 0x00000000e1b00000| Untracked 
|  28|0x00000000e1c00000, 0x00000000e1d00000, 0x00000000e1d00000|100%| O|  |TAMS 0x00000000e1d00000, 0x00000000e1c00000| Untracked 
|  29|0x00000000e1d00000, 0x00000000e1e00000, 0x00000000e1e00000|100%| O|  |TAMS 0x00000000e1e00000, 0x00000000e1d00000| Untracked 
|  30|0x00000000e1e00000, 0x00000000e1f00000, 0x00000000e1f00000|100%| O|  |TAMS 0x00000000e1f00000, 0x00000000e1e00000| Untracked 
|  31|0x00000000e1f00000, 0x00000000e2000000, 0x00000000e2000000|100%| O|  |TAMS 0x00000000e2000000, 0x00000000e1f00000| Untracked 
|  32|0x00000000e2000000, 0x00000000e2100000, 0x00000000e2100000|100%| O|  |TAMS 0x00000000e2100000, 0x00000000e2000000| Untracked 
|  33|0x00000000e2100000, 0x00000000e2200000, 0x00000000e2200000|100%| O|  |TAMS 0x00000000e2200000, 0x00000000e2100000| Untracked 
|  34|0x00000000e2200000, 0x00000000e2300000, 0x00000000e2300000|100%| O|  |TAMS 0x00000000e2300000, 0x00000000e2200000| Untracked 
|  35|0x00000000e2300000, 0x00000000e2400000, 0x00000000e2400000|100%| O|  |TAMS 0x00000000e2400000, 0x00000000e2300000| Untracked 
|  36|0x00000000e2400000, 0x00000000e2500000, 0x00000000e2500000|100%| O|  |TAMS 0x00000000e2500000, 0x00000000e2400000| Untracked 
|  37|0x00000000e2500000, 0x00000000e2600000, 0x00000000e2600000|100%| O|  |TAMS 0x00000000e2600000, 0x00000000e2500000| Untracked 
|  38|0x00000000e2600000, 0x00000000e2700000, 0x00000000e2700000|100%| O|  |TAMS 0x00000000e2700000, 0x00000000e2600000| Untracked 
|  39|0x00000000e2700000, 0x00000000e2800000, 0x00000000e2800000|100%| O|  |TAMS 0x00000000e2780000, 0x00000000e2700000| Untracked 
|  40|0x00000000e2800000, 0x00000000e2900000, 0x00000000e2900000|100%|HS|  |TAMS 0x00000000e2800000, 0x00000000e2800000| Complete 
|  41|0x00000000e2900000, 0x00000000e2a00000, 0x00000000e2a00000|100%|HC|  |TAMS 0x00000000e2900000, 0x00000000e2900000| Complete 
|  42|0x00000000e2a00000, 0x00000000e2b00000, 0x00000000e2b00000|100%|HC|  |TAMS 0x00000000e2a00000, 0x00000000e2a00000| Complete 
|  43|0x00000000e2b00000, 0x00000000e2c00000, 0x00000000e2c00000|100%|HC|  |TAMS 0x00000000e2b00000, 0x00000000e2b00000| Complete 
|  44|0x00000000e2c00000, 0x00000000e2d00000, 0x00000000e2d00000|100%|HC|  |TAMS 0x00000000e2c00000, 0x00000000e2c00000| Complete 
|  45|0x00000000e2d00000, 0x00000000e2e00000, 0x00000000e2e00000|100%| O|  |TAMS 0x00000000e2d00000, 0x00000000e2d00000| Untracked 
|  46|0x00000000e2e00000, 0x00000000e2f00000, 0x00000000e2f00000|100%| O|  |TAMS 0x00000000e2e00000, 0x00000000e2e00000| Untracked 
|  47|0x00000000e2f00000, 0x00000000e3000000, 0x00000000e3000000|100%| O|  |TAMS 0x00000000e2f00000, 0x00000000e2f00000| Untracked 
|  48|0x00000000e3000000, 0x00000000e3100000, 0x00000000e3100000|100%| O|  |TAMS 0x00000000e3000000, 0x00000000e3000000| Untracked 
|  49|0x00000000e3100000, 0x00000000e3200000, 0x00000000e3200000|100%| O|  |TAMS 0x00000000e3100000, 0x00000000e3100000| Untracked 
|  50|0x00000000e3200000, 0x00000000e3300000, 0x00000000e3300000|100%| O|  |TAMS 0x00000000e3200000, 0x00000000e3200000| Untracked 
|  51|0x00000000e3300000, 0x00000000e3400000, 0x00000000e3400000|100%| O|  |TAMS 0x00000000e3300000, 0x00000000e3300000| Untracked 
|  52|0x00000000e3400000, 0x00000000e341a800, 0x00000000e3500000| 10%| O|  |TAMS 0x00000000e3400000, 0x00000000e3400000| Untracked 
|  53|0x00000000e3500000, 0x00000000e3500000, 0x00000000e3600000|  0%| F|  |TAMS 0x00000000e3500000, 0x00000000e3500000| Untracked 
|  54|0x00000000e3600000, 0x00000000e3600000, 0x00000000e3700000|  0%| F|  |TAMS 0x00000000e3600000, 0x00000000e3600000| Untracked 
|  55|0x00000000e3700000, 0x00000000e3700000, 0x00000000e3800000|  0%| F|  |TAMS 0x00000000e3700000, 0x00000000e3700000| Untracked 
|  56|0x00000000e3800000, 0x00000000e3800000, 0x00000000e3900000|  0%| F|  |TAMS 0x00000000e3800000, 0x00000000e3800000| Untracked 
|  57|0x00000000e3900000, 0x00000000e3900000, 0x00000000e3a00000|  0%| F|  |TAMS 0x00000000e3900000, 0x00000000e3900000| Untracked 
|  58|0x00000000e3a00000, 0x00000000e3a00000, 0x00000000e3b00000|  0%| F|  |TAMS 0x00000000e3a00000, 0x00000000e3a00000| Untracked 
|  59|0x00000000e3b00000, 0x00000000e3b00000, 0x00000000e3c00000|  0%| F|  |TAMS 0x00000000e3b00000, 0x00000000e3b00000| Untracked 
|  60|0x00000000e3c00000, 0x00000000e3c00000, 0x00000000e3d00000|  0%| F|  |TAMS 0x00000000e3c00000, 0x00000000e3c00000| Untracked 
|  61|0x00000000e3d00000, 0x00000000e3d00000, 0x00000000e3e00000|  0%| F|  |TAMS 0x00000000e3d00000, 0x00000000e3d00000| Untracked 
|  62|0x00000000e3e00000, 0x00000000e3e00000, 0x00000000e3f00000|  0%| F|  |TAMS 0x00000000e3e00000, 0x00000000e3e00000| Untracked 
|  63|0x00000000e3f00000, 0x00000000e3f00000, 0x00000000e4000000|  0%| F|  |TAMS 0x00000000e3f00000, 0x00000000e3f00000| Untracked 
|  64|0x00000000e4000000, 0x00000000e4000000, 0x00000000e4100000|  0%| F|  |TAMS 0x00000000e4000000, 0x00000000e4000000| Untracked 
|  65|0x00000000e4100000, 0x00000000e4100000, 0x00000000e4200000|  0%| F|  |TAMS 0x00000000e4100000, 0x00000000e4100000| Untracked 
|  66|0x00000000e4200000, 0x00000000e4200000, 0x00000000e4300000|  0%| F|  |TAMS 0x00000000e4200000, 0x00000000e4200000| Untracked 
|  67|0x00000000e4300000, 0x00000000e4300000, 0x00000000e4400000|  0%| F|  |TAMS 0x00000000e4300000, 0x00000000e4300000| Untracked 
|  68|0x00000000e4400000, 0x00000000e4400000, 0x00000000e4500000|  0%| F|  |TAMS 0x00000000e4400000, 0x00000000e4400000| Untracked 
|  69|0x00000000e4500000, 0x00000000e4500000, 0x00000000e4600000|  0%| F|  |TAMS 0x00000000e4500000, 0x00000000e4500000| Untracked 
|  70|0x00000000e4600000, 0x00000000e4600000, 0x00000000e4700000|  0%| F|  |TAMS 0x00000000e4600000, 0x00000000e4600000| Untracked 
|  71|0x00000000e4700000, 0x00000000e4700000, 0x00000000e4800000|  0%| F|  |TAMS 0x00000000e4700000, 0x00000000e4700000| Untracked 
|  72|0x00000000e4800000, 0x00000000e4800000, 0x00000000e4900000|  0%| F|  |TAMS 0x00000000e4800000, 0x00000000e4800000| Untracked 
|  73|0x00000000e4900000, 0x00000000e4900000, 0x00000000e4a00000|  0%| F|  |TAMS 0x00000000e4900000, 0x00000000e4900000| Untracked 
|  74|0x00000000e4a00000, 0x00000000e4a00000, 0x00000000e4b00000|  0%| F|  |TAMS 0x00000000e4a00000, 0x00000000e4a00000| Untracked 
|  75|0x00000000e4b00000, 0x00000000e4b00000, 0x00000000e4c00000|  0%| F|  |TAMS 0x00000000e4b00000, 0x00000000e4b00000| Untracked 
|  76|0x00000000e4c00000, 0x00000000e4c00000, 0x00000000e4d00000|  0%| F|  |TAMS 0x00000000e4c00000, 0x00000000e4c00000| Untracked 
|  77|0x00000000e4d00000, 0x00000000e4d00000, 0x00000000e4e00000|  0%| F|  |TAMS 0x00000000e4d00000, 0x00000000e4d00000| Untracked 
|  78|0x00000000e4e00000, 0x00000000e4e00000, 0x00000000e4f00000|  0%| F|  |TAMS 0x00000000e4e00000, 0x00000000e4e00000| Untracked 
|  79|0x00000000e4f00000, 0x00000000e4f00000, 0x00000000e5000000|  0%| F|  |TAMS 0x00000000e4f00000, 0x00000000e4f00000| Untracked 
|  80|0x00000000e5000000, 0x00000000e5000000, 0x00000000e5100000|  0%| F|  |TAMS 0x00000000e5000000, 0x00000000e5000000| Untracked 
|  81|0x00000000e5100000, 0x00000000e5100000, 0x00000000e5200000|  0%| F|  |TAMS 0x00000000e5100000, 0x00000000e5100000| Untracked 
|  82|0x00000000e5200000, 0x00000000e5200000, 0x00000000e5300000|  0%| F|  |TAMS 0x00000000e5200000, 0x00000000e5200000| Untracked 
|  83|0x00000000e5300000, 0x00000000e5300000, 0x00000000e5400000|  0%| F|  |TAMS 0x00000000e5300000, 0x00000000e5300000| Untracked 
|  84|0x00000000e5400000, 0x00000000e5400000, 0x00000000e5500000|  0%| F|  |TAMS 0x00000000e5400000, 0x00000000e5400000| Untracked 
|  85|0x00000000e5500000, 0x00000000e5500000, 0x00000000e5600000|  0%| F|  |TAMS 0x00000000e5500000, 0x00000000e5500000| Untracked 
|  86|0x00000000e5600000, 0x00000000e5600000, 0x00000000e5700000|  0%| F|  |TAMS 0x00000000e5600000, 0x00000000e5600000| Untracked 
|  87|0x00000000e5700000, 0x00000000e57a38b0, 0x00000000e5800000| 63%| S|CS|TAMS 0x00000000e5700000, 0x00000000e5700000| Complete 
|  88|0x00000000e5800000, 0x00000000e5900000, 0x00000000e5900000|100%| S|CS|TAMS 0x00000000e5800000, 0x00000000e5800000| Complete 
|  89|0x00000000e5900000, 0x00000000e5a00000, 0x00000000e5a00000|100%| S|CS|TAMS 0x00000000e5900000, 0x00000000e5900000| Complete 
|  90|0x00000000e5a00000, 0x00000000e5b00000, 0x00000000e5b00000|100%| S|CS|TAMS 0x00000000e5a00000, 0x00000000e5a00000| Complete 
|  91|0x00000000e5b00000, 0x00000000e5c00000, 0x00000000e5c00000|100%| S|CS|TAMS 0x00000000e5b00000, 0x00000000e5b00000| Complete 
|  92|0x00000000e5c00000, 0x00000000e5c00000, 0x00000000e5d00000|  0%| F|  |TAMS 0x00000000e5c00000, 0x00000000e5c00000| Untracked 
|  93|0x00000000e5d00000, 0x00000000e5d00000, 0x00000000e5e00000|  0%| F|  |TAMS 0x00000000e5d00000, 0x00000000e5d00000| Untracked 
|  94|0x00000000e5e00000, 0x00000000e5e00000, 0x00000000e5f00000|  0%| F|  |TAMS 0x00000000e5e00000, 0x00000000e5e00000| Untracked 
|  95|0x00000000e5f00000, 0x00000000e5f00000, 0x00000000e6000000|  0%| F|  |TAMS 0x00000000e5f00000, 0x00000000e5f00000| Untracked 
|  96|0x00000000e6000000, 0x00000000e6000000, 0x00000000e6100000|  0%| F|  |TAMS 0x00000000e6000000, 0x00000000e6000000| Untracked 
|  97|0x00000000e6100000, 0x00000000e6100000, 0x00000000e6200000|  0%| F|  |TAMS 0x00000000e6100000, 0x00000000e6100000| Untracked 
|  98|0x00000000e6200000, 0x00000000e6200000, 0x00000000e6300000|  0%| F|  |TAMS 0x00000000e6200000, 0x00000000e6200000| Untracked 
|  99|0x00000000e6300000, 0x00000000e6300000, 0x00000000e6400000|  0%| F|  |TAMS 0x00000000e6300000, 0x00000000e6300000| Untracked 
| 100|0x00000000e6400000, 0x00000000e6500000, 0x00000000e6500000|100%| S|CS|TAMS 0x00000000e6400000, 0x00000000e6400000| Complete 
| 101|0x00000000e6500000, 0x00000000e6600000, 0x00000000e6600000|100%| S|CS|TAMS 0x00000000e6500000, 0x00000000e6500000| Complete 
| 102|0x00000000e6600000, 0x00000000e6600000, 0x00000000e6700000|  0%| F|  |TAMS 0x00000000e6600000, 0x00000000e6600000| Untracked 
| 103|0x00000000e6700000, 0x00000000e6700000, 0x00000000e6800000|  0%| F|  |TAMS 0x00000000e6700000, 0x00000000e6700000| Untracked 
| 104|0x00000000e6800000, 0x00000000e6800000, 0x00000000e6900000|  0%| F|  |TAMS 0x00000000e6800000, 0x00000000e6800000| Untracked 
| 105|0x00000000e6900000, 0x00000000e6900000, 0x00000000e6a00000|  0%| F|  |TAMS 0x00000000e6900000, 0x00000000e6900000| Untracked 
| 106|0x00000000e6a00000, 0x00000000e6a00000, 0x00000000e6b00000|  0%| F|  |TAMS 0x00000000e6a00000, 0x00000000e6a00000| Untracked 
| 107|0x00000000e6b00000, 0x00000000e6b00000, 0x00000000e6c00000|  0%| F|  |TAMS 0x00000000e6b00000, 0x00000000e6b00000| Untracked 
| 108|0x00000000e6c00000, 0x00000000e6c00000, 0x00000000e6d00000|  0%| F|  |TAMS 0x00000000e6c00000, 0x00000000e6c00000| Untracked 
| 109|0x00000000e6d00000, 0x00000000e6d00000, 0x00000000e6e00000|  0%| F|  |TAMS 0x00000000e6d00000, 0x00000000e6d00000| Untracked 
| 110|0x00000000e6e00000, 0x00000000e6e00000, 0x00000000e6f00000|  0%| F|  |TAMS 0x00000000e6e00000, 0x00000000e6e00000| Untracked 
| 111|0x00000000e6f00000, 0x00000000e6f00000, 0x00000000e7000000|  0%| F|  |TAMS 0x00000000e6f00000, 0x00000000e6f00000| Untracked 
| 112|0x00000000e7000000, 0x00000000e7000000, 0x00000000e7100000|  0%| F|  |TAMS 0x00000000e7000000, 0x00000000e7000000| Untracked 
| 113|0x00000000e7100000, 0x00000000e7100000, 0x00000000e7200000|  0%| F|  |TAMS 0x00000000e7100000, 0x00000000e7100000| Untracked 
| 114|0x00000000e7200000, 0x00000000e7200000, 0x00000000e7300000|  0%| F|  |TAMS 0x00000000e7200000, 0x00000000e7200000| Untracked 
| 115|0x00000000e7300000, 0x00000000e7300000, 0x00000000e7400000|  0%| F|  |TAMS 0x00000000e7300000, 0x00000000e7300000| Untracked 
| 116|0x00000000e7400000, 0x00000000e7400000, 0x00000000e7500000|  0%| F|  |TAMS 0x00000000e7400000, 0x00000000e7400000| Untracked 
| 117|0x00000000e7500000, 0x00000000e7500000, 0x00000000e7600000|  0%| F|  |TAMS 0x00000000e7500000, 0x00000000e7500000| Untracked 
| 118|0x00000000e7600000, 0x00000000e7600000, 0x00000000e7700000|  0%| F|  |TAMS 0x00000000e7600000, 0x00000000e7600000| Untracked 
| 119|0x00000000e7700000, 0x00000000e7700000, 0x00000000e7800000|  0%| F|  |TAMS 0x00000000e7700000, 0x00000000e7700000| Untracked 
| 120|0x00000000e7800000, 0x00000000e7800000, 0x00000000e7900000|  0%| F|  |TAMS 0x00000000e7800000, 0x00000000e7800000| Untracked 
| 121|0x00000000e7900000, 0x00000000e7900000, 0x00000000e7a00000|  0%| F|  |TAMS 0x00000000e7900000, 0x00000000e7900000| Untracked 
| 122|0x00000000e7a00000, 0x00000000e7a00000, 0x00000000e7b00000|  0%| F|  |TAMS 0x00000000e7a00000, 0x00000000e7a00000| Untracked 
| 123|0x00000000e7b00000, 0x00000000e7b00000, 0x00000000e7c00000|  0%| F|  |TAMS 0x00000000e7b00000, 0x00000000e7b00000| Untracked 
| 124|0x00000000e7c00000, 0x00000000e7c00000, 0x00000000e7d00000|  0%| F|  |TAMS 0x00000000e7c00000, 0x00000000e7c00000| Untracked 
| 125|0x00000000e7d00000, 0x00000000e7d00000, 0x00000000e7e00000|  0%| F|  |TAMS 0x00000000e7d00000, 0x00000000e7d00000| Untracked 
| 126|0x00000000e7e00000, 0x00000000e7e00000, 0x00000000e7f00000|  0%| F|  |TAMS 0x00000000e7e00000, 0x00000000e7e00000| Untracked 
| 127|0x00000000e7f00000, 0x00000000e7f00000, 0x00000000e8000000|  0%| F|  |TAMS 0x00000000e7f00000, 0x00000000e7f00000| Untracked 
| 128|0x00000000e8000000, 0x00000000e8000000, 0x00000000e8100000|  0%| F|  |TAMS 0x00000000e8000000, 0x00000000e8000000| Untracked 
| 129|0x00000000e8100000, 0x00000000e8100000, 0x00000000e8200000|  0%| F|  |TAMS 0x00000000e8100000, 0x00000000e8100000| Untracked 
| 130|0x00000000e8200000, 0x00000000e8200000, 0x00000000e8300000|  0%| F|  |TAMS 0x00000000e8200000, 0x00000000e8200000| Untracked 
| 131|0x00000000e8300000, 0x00000000e8300000, 0x00000000e8400000|  0%| F|  |TAMS 0x00000000e8300000, 0x00000000e8300000| Untracked 
| 132|0x00000000e8400000, 0x00000000e8400000, 0x00000000e8500000|  0%| F|  |TAMS 0x00000000e8400000, 0x00000000e8400000| Untracked 
| 133|0x00000000e8500000, 0x00000000e8500000, 0x00000000e8600000|  0%| F|  |TAMS 0x00000000e8500000, 0x00000000e8500000| Untracked 
| 134|0x00000000e8600000, 0x00000000e8600000, 0x00000000e8700000|  0%| F|  |TAMS 0x00000000e8600000, 0x00000000e8600000| Untracked 
| 135|0x00000000e8700000, 0x00000000e8700000, 0x00000000e8800000|  0%| F|  |TAMS 0x00000000e8700000, 0x00000000e8700000| Untracked 
| 136|0x00000000e8800000, 0x00000000e8800000, 0x00000000e8900000|  0%| F|  |TAMS 0x00000000e8800000, 0x00000000e8800000| Untracked 
| 137|0x00000000e8900000, 0x00000000e8900000, 0x00000000e8a00000|  0%| F|  |TAMS 0x00000000e8900000, 0x00000000e8900000| Untracked 
| 138|0x00000000e8a00000, 0x00000000e8a00000, 0x00000000e8b00000|  0%| F|  |TAMS 0x00000000e8a00000, 0x00000000e8a00000| Untracked 
| 139|0x00000000e8b00000, 0x00000000e8b00000, 0x00000000e8c00000|  0%| F|  |TAMS 0x00000000e8b00000, 0x00000000e8b00000| Untracked 
| 140|0x00000000e8c00000, 0x00000000e8c00000, 0x00000000e8d00000|  0%| F|  |TAMS 0x00000000e8c00000, 0x00000000e8c00000| Untracked 
| 141|0x00000000e8d00000, 0x00000000e8d00000, 0x00000000e8e00000|  0%| F|  |TAMS 0x00000000e8d00000, 0x00000000e8d00000| Untracked 
| 142|0x00000000e8e00000, 0x00000000e8e00000, 0x00000000e8f00000|  0%| F|  |TAMS 0x00000000e8e00000, 0x00000000e8e00000| Untracked 
| 143|0x00000000e8f00000, 0x00000000e8f00000, 0x00000000e9000000|  0%| F|  |TAMS 0x00000000e8f00000, 0x00000000e8f00000| Untracked 
| 144|0x00000000e9000000, 0x00000000e9000000, 0x00000000e9100000|  0%| F|  |TAMS 0x00000000e9000000, 0x00000000e9000000| Untracked 
| 145|0x00000000e9100000, 0x00000000e9100000, 0x00000000e9200000|  0%| F|  |TAMS 0x00000000e9100000, 0x00000000e9100000| Untracked 
| 146|0x00000000e9200000, 0x00000000e9200000, 0x00000000e9300000|  0%| F|  |TAMS 0x00000000e9200000, 0x00000000e9200000| Untracked 
| 147|0x00000000e9300000, 0x00000000e9300000, 0x00000000e9400000|  0%| F|  |TAMS 0x00000000e9300000, 0x00000000e9300000| Untracked 
| 148|0x00000000e9400000, 0x00000000e9400000, 0x00000000e9500000|  0%| F|  |TAMS 0x00000000e9400000, 0x00000000e9400000| Untracked 
| 149|0x00000000e9500000, 0x00000000e9500000, 0x00000000e9600000|  0%| F|  |TAMS 0x00000000e9500000, 0x00000000e9500000| Untracked 
| 150|0x00000000e9600000, 0x00000000e9600000, 0x00000000e9700000|  0%| F|  |TAMS 0x00000000e9600000, 0x00000000e9600000| Untracked 
| 151|0x00000000e9700000, 0x00000000e9700000, 0x00000000e9800000|  0%| F|  |TAMS 0x00000000e9700000, 0x00000000e9700000| Untracked 
| 152|0x00000000e9800000, 0x00000000e9800000, 0x00000000e9900000|  0%| F|  |TAMS 0x00000000e9800000, 0x00000000e9800000| Untracked 
| 153|0x00000000e9900000, 0x00000000e9900000, 0x00000000e9a00000|  0%| F|  |TAMS 0x00000000e9900000, 0x00000000e9900000| Untracked 
| 154|0x00000000e9a00000, 0x00000000e9a00000, 0x00000000e9b00000|  0%| F|  |TAMS 0x00000000e9a00000, 0x00000000e9a00000| Untracked 
| 155|0x00000000e9b00000, 0x00000000e9b00000, 0x00000000e9c00000|  0%| F|  |TAMS 0x00000000e9b00000, 0x00000000e9b00000| Untracked 
| 156|0x00000000e9c00000, 0x00000000e9c00000, 0x00000000e9d00000|  0%| F|  |TAMS 0x00000000e9c00000, 0x00000000e9c00000| Untracked 
| 157|0x00000000e9d00000, 0x00000000e9d00000, 0x00000000e9e00000|  0%| F|  |TAMS 0x00000000e9d00000, 0x00000000e9d00000| Untracked 
| 158|0x00000000e9e00000, 0x00000000e9e00000, 0x00000000e9f00000|  0%| F|  |TAMS 0x00000000e9e00000, 0x00000000e9e00000| Untracked 
| 159|0x00000000e9f00000, 0x00000000e9f00000, 0x00000000ea000000|  0%| F|  |TAMS 0x00000000e9f00000, 0x00000000e9f00000| Untracked 
| 160|0x00000000ea000000, 0x00000000ea000000, 0x00000000ea100000|  0%| F|  |TAMS 0x00000000ea000000, 0x00000000ea000000| Untracked 
| 161|0x00000000ea100000, 0x00000000ea100000, 0x00000000ea200000|  0%| F|  |TAMS 0x00000000ea100000, 0x00000000ea100000| Untracked 
| 162|0x00000000ea200000, 0x00000000ea200000, 0x00000000ea300000|  0%| F|  |TAMS 0x00000000ea200000, 0x00000000ea200000| Untracked 
| 163|0x00000000ea300000, 0x00000000ea300000, 0x00000000ea400000|  0%| F|  |TAMS 0x00000000ea300000, 0x00000000ea300000| Untracked 
| 164|0x00000000ea400000, 0x00000000ea400000, 0x00000000ea500000|  0%| F|  |TAMS 0x00000000ea400000, 0x00000000ea400000| Untracked 
| 165|0x00000000ea500000, 0x00000000ea500000, 0x00000000ea600000|  0%| F|  |TAMS 0x00000000ea500000, 0x00000000ea500000| Untracked 
| 166|0x00000000ea600000, 0x00000000ea600000, 0x00000000ea700000|  0%| F|  |TAMS 0x00000000ea600000, 0x00000000ea600000| Untracked 
| 167|0x00000000ea700000, 0x00000000ea700000, 0x00000000ea800000|  0%| F|  |TAMS 0x00000000ea700000, 0x00000000ea700000| Untracked 
| 168|0x00000000ea800000, 0x00000000ea800000, 0x00000000ea900000|  0%| F|  |TAMS 0x00000000ea800000, 0x00000000ea800000| Untracked 
| 169|0x00000000ea900000, 0x00000000ea900000, 0x00000000eaa00000|  0%| F|  |TAMS 0x00000000ea900000, 0x00000000ea900000| Untracked 
| 170|0x00000000eaa00000, 0x00000000eaa00000, 0x00000000eab00000|  0%| F|  |TAMS 0x00000000eaa00000, 0x00000000eaa00000| Untracked 
| 171|0x00000000eab00000, 0x00000000eab00000, 0x00000000eac00000|  0%| F|  |TAMS 0x00000000eab00000, 0x00000000eab00000| Untracked 
| 172|0x00000000eac00000, 0x00000000eac00000, 0x00000000ead00000|  0%| F|  |TAMS 0x00000000eac00000, 0x00000000eac00000| Untracked 
| 173|0x00000000ead00000, 0x00000000ead00000, 0x00000000eae00000|  0%| F|  |TAMS 0x00000000ead00000, 0x00000000ead00000| Untracked 
| 174|0x00000000eae00000, 0x00000000eae00000, 0x00000000eaf00000|  0%| F|  |TAMS 0x00000000eae00000, 0x00000000eae00000| Untracked 
| 175|0x00000000eaf00000, 0x00000000eaf00000, 0x00000000eb000000|  0%| F|  |TAMS 0x00000000eaf00000, 0x00000000eaf00000| Untracked 
| 176|0x00000000eb000000, 0x00000000eb000000, 0x00000000eb100000|  0%| F|  |TAMS 0x00000000eb000000, 0x00000000eb000000| Untracked 
| 177|0x00000000eb100000, 0x00000000eb100000, 0x00000000eb200000|  0%| F|  |TAMS 0x00000000eb100000, 0x00000000eb100000| Untracked 
| 178|0x00000000eb200000, 0x00000000eb200000, 0x00000000eb300000|  0%| F|  |TAMS 0x00000000eb200000, 0x00000000eb200000| Untracked 
| 179|0x00000000eb300000, 0x00000000eb300000, 0x00000000eb400000|  0%| F|  |TAMS 0x00000000eb300000, 0x00000000eb300000| Untracked 
| 180|0x00000000eb400000, 0x00000000eb400000, 0x00000000eb500000|  0%| F|  |TAMS 0x00000000eb400000, 0x00000000eb400000| Untracked 
| 181|0x00000000eb500000, 0x00000000eb600000, 0x00000000eb600000|100%| E|  |TAMS 0x00000000eb500000, 0x00000000eb500000| Complete 
| 182|0x00000000eb600000, 0x00000000eb700000, 0x00000000eb700000|100%| E|CS|TAMS 0x00000000eb600000, 0x00000000eb600000| Complete 
| 183|0x00000000eb700000, 0x00000000eb800000, 0x00000000eb800000|100%| E|CS|TAMS 0x00000000eb700000, 0x00000000eb700000| Complete 
| 184|0x00000000eb800000, 0x00000000eb900000, 0x00000000eb900000|100%| E|CS|TAMS 0x00000000eb800000, 0x00000000eb800000| Complete 
| 185|0x00000000eb900000, 0x00000000eba00000, 0x00000000eba00000|100%| E|CS|TAMS 0x00000000eb900000, 0x00000000eb900000| Complete 
| 186|0x00000000eba00000, 0x00000000ebb00000, 0x00000000ebb00000|100%| E|CS|TAMS 0x00000000eba00000, 0x00000000eba00000| Complete 
| 187|0x00000000ebb00000, 0x00000000ebc00000, 0x00000000ebc00000|100%| E|CS|TAMS 0x00000000ebb00000, 0x00000000ebb00000| Complete 
| 188|0x00000000ebc00000, 0x00000000ebd00000, 0x00000000ebd00000|100%| E|CS|TAMS 0x00000000ebc00000, 0x00000000ebc00000| Complete 
| 189|0x00000000ebd00000, 0x00000000ebe00000, 0x00000000ebe00000|100%| E|CS|TAMS 0x00000000ebd00000, 0x00000000ebd00000| Complete 
| 190|0x00000000ebe00000, 0x00000000ebf00000, 0x00000000ebf00000|100%| E|CS|TAMS 0x00000000ebe00000, 0x00000000ebe00000| Complete 
| 191|0x00000000ebf00000, 0x00000000ec000000, 0x00000000ec000000|100%| E|CS|TAMS 0x00000000ebf00000, 0x00000000ebf00000| Complete 

Card table byte_map: [0x0000013936190000,0x0000013936290000] _byte_map_base: 0x0000013935a90000

Marking Bits (Prev, Next): (CMBitMap*) 0x000001391cb2fb70, (CMBitMap*) 0x000001391cb2fb38
 Prev Bits: [0x0000013936b90000, 0x0000013937390000)
 Next Bits: [0x0000013936390000, 0x0000013936b90000)

Polling page: 0x000001391cbc0000

Metaspace:

Usage:
  Non-class:     38.60 MB capacity,    37.83 MB ( 98%) used,   641.71 KB (  2%) free+waste,   144.31 KB ( <1%) overhead. 
      Class:      5.32 MB capacity,     4.79 MB ( 90%) used,   472.34 KB (  9%) free+waste,    69.38 KB (  1%) overhead. 
       Both:     43.92 MB capacity,    42.62 MB ( 97%) used,     1.09 MB (  2%) free+waste,   213.69 KB ( <1%) overhead. 

Virtual space:
  Non-class space:       40.00 MB reserved,      38.70 MB ( 97%) committed 
      Class space:        1.00 GB reserved,       5.38 MB ( <1%) committed 
             Both:        1.04 GB reserved,      44.07 MB (  4%) committed 

Chunk freelists:
   Non-Class:  0 bytes
       Class:  26.00 KB
        Both:  26.00 KB

MaxMetaspaceSize: 17179869184.00 GB
CompressedClassSpaceSize: 1.00 GB
Initial GC threshold: 20.80 MB
Current GC threshold: 66.58 MB
CDS: off

CodeHeap 'non-profiled nmethods': size=120064Kb used=3474Kb max_used=3474Kb free=116589Kb
 bounds [0x000001392e530000, 0x000001392e8a0000, 0x0000013935a70000]
CodeHeap 'profiled nmethods': size=120000Kb used=9618Kb max_used=9618Kb free=110381Kb
 bounds [0x0000013927000000, 0x0000013927970000, 0x000001392e530000]
CodeHeap 'non-nmethods': size=5696Kb used=1317Kb max_used=1363Kb free=4378Kb
 bounds [0x0000013926a70000, 0x0000013926ce0000, 0x0000013927000000]
 total_blobs=4663 nmethods=4052 adapters=522
 compilation: enabled
              stopped_count=0, restarted_count=0
 full_count=0

Compilation events (20 events):
Event: 24.596 Thread 0x000001393a259000 4077       3       java.util.concurrent.atomic.AtomicLongArray::lazySet (13 bytes)
Event: 24.597 Thread 0x000001393a259000 nmethod 4077 0x0000013927953c10 code [0x0000013927953e20, 0x00000139279542e8]
Event: 24.597 Thread 0x000001393a259000 4075       3       io.qameta.allure.internal.shadowed.jackson.databind.type.TypeFactory::_fromAny (173 bytes)
Event: 24.598 Thread 0x000001393a259000 nmethod 4075 0x0000013927954590 code [0x0000013927954940, 0x0000013927956538]
Event: 24.599 Thread 0x000001393a259000 4078       3       io.qameta.allure.internal.shadowed.jackson.databind.util.internal.PrivateMaxEntriesMap$Node::setPrevious (9 bytes)
Event: 24.599 Thread 0x000001393a259000 nmethod 4078 0x0000013927956b90 code [0x0000013927956d40, 0x0000013927956f98]
Event: 24.599 Thread 0x000001393a259000 4079       3       io.qameta.allure.internal.shadowed.jackson.databind.util.internal.PrivateMaxEntriesMap$Node::setNext (9 bytes)
Event: 24.599 Thread 0x000001393a259000 nmethod 4079 0x0000013927957090 code [0x0000013927957240, 0x0000013927957498]
Event: 24.599 Thread 0x000001393a259000 4076       3       io.qameta.allure.internal.shadowed.jackson.databind.type.TypeFactory::_applyModifiers (121 bytes)
Event: 24.601 Thread 0x000001393a259000 nmethod 4076 0x0000013927957590 code [0x00000139279578a0, 0x0000013927958ab8]
Event: 24.601 Thread 0x000001393a259000 4080       1       sun.reflect.generics.reflectiveObjects.TypeVariableImpl::getName (5 bytes)
Event: 24.601 Thread 0x000001393a259000 nmethod 4080 0x000001392e88f410 code [0x000001392e88f5c0, 0x000001392e88f678]
Event: 24.603 Thread 0x000001393a259000 4081       3       io.qameta.allure.internal.shadowed.jackson.databind.type.TypeFactory::_findWellKnownSimple (75 bytes)
Event: 24.604 Thread 0x000001393a259000 nmethod 4081 0x0000013927959110 code [0x0000013927959300, 0x00000139279596b8]
Event: 24.610 Thread 0x000001393a259000 4082   !   3       java.util.concurrent.ConcurrentHashMap::replaceNode (437 bytes)
Event: 24.613 Thread 0x000001393a259000 nmethod 4082 0x0000013927959790 code [0x0000013927959b20, 0x000001392795ba98]
Event: 24.645 Thread 0x000001393a1f9800 nmethod 4048 0x000001392e88f710 code [0x000001392e88f960, 0x000001392e8914c0]
Event: 24.645 Thread 0x000001393a1f9800 4069       4       java.util.AbstractList::<init> (10 bytes)
Event: 24.646 Thread 0x000001393a1f9800 nmethod 4069 0x000001392e892010 code [0x000001392e8921a0, 0x000001392e8921f8]
Event: 24.646 Thread 0x000001393a1f9800 4041       4       java.util.Collections$SetFromMap::remove (19 bytes)

GC Heap History (20 events):
Event: 1.698 GC heap before
{Heap before GC invocations=1 (full 0):
 garbage-first heap   total 196608K, used 18053K [0x00000000e0000000, 0x0000000100000000)
  region size 1024K, 14 young (14336K), 2 survivors (2048K)
 Metaspace       used 10561K, capacity 10747K, committed 10880K, reserved 1058816K
  class space    used 977K, capacity 1055K, committed 1152K, reserved 1048576K
}
Event: 1.701 GC heap after
{Heap after GC invocations=2 (full 0):
 garbage-first heap   total 196608K, used 6393K [0x00000000e0000000, 0x0000000100000000)
  region size 1024K, 1 young (1024K), 1 survivors (1024K)
 Metaspace       used 10561K, capacity 10747K, committed 10880K, reserved 1058816K
  class space    used 977K, capacity 1055K, committed 1152K, reserved 1048576K
}
Event: 2.783 GC heap before
{Heap before GC invocations=2 (full 0):
 garbage-first heap   total 196608K, used 37113K [0x00000000e0000000, 0x0000000100000000)
  region size 1024K, 31 young (31744K), 1 survivors (1024K)
 Metaspace       used 15859K, capacity 16120K, committed 16384K, reserved 1064960K
  class space    used 1569K, capacity 1682K, committed 1792K, reserved 1048576K
}
Event: 2.787 GC heap after
{Heap after GC invocations=3 (full 0):
 garbage-first heap   total 196608K, used 8647K [0x00000000e0000000, 0x0000000100000000)
  region size 1024K, 3 young (3072K), 3 survivors (3072K)
 Metaspace       used 15859K, capacity 16120K, committed 16384K, reserved 1064960K
  class space    used 1569K, capacity 1682K, committed 1792K, reserved 1048576K
}
Event: 5.321 GC heap before
{Heap before GC invocations=3 (full 0):
 garbage-first heap   total 196608K, used 55751K [0x00000000e0000000, 0x0000000100000000)
  region size 1024K, 49 young (50176K), 3 survivors (3072K)
 Metaspace       used 20543K, capacity 20870K, committed 21120K, reserved 1069056K
  class space    used 2040K, capacity 2159K, committed 2176K, reserved 1048576K
}
Event: 5.336 GC heap after
{Heap after GC invocations=4 (full 0):
 garbage-first heap   total 196608K, used 16733K [0x00000000e0000000, 0x0000000100000000)
  region size 1024K, 7 young (7168K), 7 survivors (7168K)
 Metaspace       used 20543K, capacity 20870K, committed 21120K, reserved 1069056K
  class space    used 2040K, capacity 2159K, committed 2176K, reserved 1048576K
}
Event: 5.457 GC heap before
{Heap before GC invocations=4 (full 0):
 garbage-first heap   total 196608K, used 24925K [0x00000000e0000000, 0x0000000100000000)
  region size 1024K, 16 young (16384K), 7 survivors (7168K)
 Metaspace       used 20749K, capacity 21094K, committed 21248K, reserved 1069056K
  class space    used 2049K, capacity 2191K, committed 2304K, reserved 1048576K
}
Event: 5.475 GC heap after
{Heap after GC invocations=5 (full 0):
 garbage-first heap   total 196608K, used 18989K [0x00000000e0000000, 0x0000000100000000)
  region size 1024K, 3 young (3072K), 3 survivors (3072K)
 Metaspace       used 20749K, capacity 21094K, committed 21248K, reserved 1069056K
  class space    used 2049K, capacity 2191K, committed 2304K, reserved 1048576K
}
Event: 6.289 GC heap before
{Heap before GC invocations=6 (full 0):
 garbage-first heap   total 196608K, used 67117K [0x00000000e0000000, 0x0000000100000000)
  region size 1024K, 50 young (51200K), 3 survivors (3072K)
 Metaspace       used 23059K, capacity 23430K, committed 23680K, reserved 1071104K
  class space    used 2274K, capacity 2415K, committed 2432K, reserved 1048576K
}
Event: 6.296 GC heap after
{Heap after GC invocations=7 (full 0):
 garbage-first heap   total 196608K, used 22347K [0x00000000e0000000, 0x0000000100000000)
  region size 1024K, 6 young (6144K), 6 survivors (6144K)
 Metaspace       used 23059K, capacity 23430K, committed 23680K, reserved 1071104K
  class space    used 2274K, capacity 2415K, committed 2432K, reserved 1048576K
}
Event: 8.532 GC heap before
{Heap before GC invocations=7 (full 0):
 garbage-first heap   total 196608K, used 129867K [0x00000000e0000000, 0x0000000100000000)
  region size 1024K, 111 young (113664K), 6 survivors (6144K)
 Metaspace       used 30769K, capacity 31702K, committed 31744K, reserved 1077248K
  class space    used 3214K, capacity 3571K, committed 3584K, reserved 1048576K
}
Event: 8.553 GC heap after
{Heap after GC invocations=8 (full 0):
 garbage-first heap   total 196608K, used 31718K [0x00000000e0000000, 0x0000000100000000)
  region size 1024K, 14 young (14336K), 14 survivors (14336K)
 Metaspace       used 30769K, capacity 31702K, committed 31744K, reserved 1077248K
  class space    used 3214K, capacity 3571K, committed 3584K, reserved 1048576K
}
Event: 9.706 GC heap before
{Heap before GC invocations=8 (full 0):
 garbage-first heap   total 196608K, used 121830K [0x00000000e0000000, 0x0000000100000000)
  region size 1024K, 102 young (104448K), 14 survivors (14336K)
 Metaspace       used 34221K, capacity 35170K, committed 35328K, reserved 1081344K
  class space    used 3655K, capacity 4027K, committed 4096K, reserved 1048576K
}
Event: 9.734 GC heap after
{Heap after GC invocations=9 (full 0):
 garbage-first heap   total 196608K, used 40361K [0x00000000e0000000, 0x0000000100000000)
  region size 1024K, 9 young (9216K), 9 survivors (9216K)
 Metaspace       used 34221K, capacity 35170K, committed 35328K, reserved 1081344K
  class space    used 3655K, capacity 4027K, committed 4096K, reserved 1048576K
}
Event: 9.864 GC heap before
{Heap before GC invocations=9 (full 0):
 garbage-first heap   total 196608K, used 51625K [0x00000000e0000000, 0x0000000100000000)
  region size 1024K, 21 young (21504K), 9 survivors (9216K)
 Metaspace       used 34857K, capacity 35810K, committed 35840K, reserved 1081344K
  class space    used 3719K, capacity 4091K, committed 4096K, reserved 1048576K
}
Event: 9.875 GC heap after
{Heap after GC invocations=10 (full 0):
 garbage-first heap   total 196608K, used 42356K [0x00000000e0000000, 0x0000000100000000)
  region size 1024K, 2 young (2048K), 2 survivors (2048K)
 Metaspace       used 34857K, capacity 35810K, committed 35840K, reserved 1081344K
  class space    used 3719K, capacity 4091K, committed 4096K, reserved 1048576K
}
Event: 11.205 GC heap before
{Heap before GC invocations=11 (full 0):
 garbage-first heap   total 196608K, used 134516K [0x00000000e0000000, 0x0000000100000000)
  region size 1024K, 92 young (94208K), 2 survivors (2048K)
 Metaspace       used 39286K, capacity 40379K, committed 40652K, reserved 1085440K
  class space    used 4311K, capacity 4770K, committed 4864K, reserved 1048576K
}
Event: 11.219 GC heap after
{Heap after GC invocations=12 (full 0):
 garbage-first heap   total 196608K, used 48482K [0x00000000e0000000, 0x0000000100000000)
  region size 1024K, 8 young (8192K), 8 survivors (8192K)
 Metaspace       used 39286K, capacity 40379K, committed 40652K, reserved 1085440K
  class space    used 4311K, capacity 4770K, committed 4864K, reserved 1048576K
}
Event: 24.143 GC heap before
{Heap before GC invocations=13 (full 0):
 garbage-first heap   total 196608K, used 145762K [0x00000000e0000000, 0x0000000100000000)
  region size 1024K, 98 young (100352K), 8 survivors (8192K)
 Metaspace       used 42990K, capacity 44247K, committed 44492K, reserved 1089536K
  class space    used 4817K, capacity 5333K, committed 5376K, reserved 1048576K
}
Event: 24.161 GC heap after
{Heap after GC invocations=14 (full 0):
 garbage-first heap   total 196608K, used 60152K [0x00000000e0000000, 0x0000000100000000)
  region size 1024K, 7 young (7168K), 7 survivors (7168K)
 Metaspace       used 42990K, capacity 44247K, committed 44492K, reserved 1089536K
  class space    used 4817K, capacity 5333K, committed 5376K, reserved 1048576K
}

Deoptimization events (20 events):
Event: 15.063 Thread 0x0000013948e7c000 DEOPT PACKING pc=0x000001392e59c654 sp=0x0000002213afee60
Event: 15.063 Thread 0x0000013948e7c000 DEOPT UNPACKING pc=0x0000013926aba1af sp=0x0000002213afee18 mode 2
Event: 23.141 Thread 0x000001391cb08800 Uncommon trap: trap_request=0xffffff4d fr.pc=0x000001392e64e1f4 relative=0x0000000000000234
Event: 23.141 Thread 0x000001391cb08800 Uncommon trap: reason=unstable_if action=reinterpret pc=0x000001392e64e1f4 method=java.lang.String.indexOf([BBILjava/lang/String;I)I @ 62 c2
Event: 23.141 Thread 0x000001391cb08800 DEOPT PACKING pc=0x000001392e64e1f4 sp=0x00000022118fc5f0
Event: 23.141 Thread 0x000001391cb08800 DEOPT UNPACKING pc=0x0000013926aba1af sp=0x00000022118fc558 mode 2
Event: 23.141 Thread 0x000001391cb08800 Uncommon trap: trap_request=0xffffff4d fr.pc=0x000001392e84a67c relative=0x000000000000041c
Event: 23.141 Thread 0x000001391cb08800 Uncommon trap: reason=unstable_if action=reinterpret pc=0x000001392e84a67c method=java.lang.AbstractStringBuilder.appendChars(Ljava/lang/CharSequence;II)V @ 43 c2
Event: 23.141 Thread 0x000001391cb08800 DEOPT PACKING pc=0x000001392e84a67c sp=0x00000022118fc5d0
Event: 23.141 Thread 0x000001391cb08800 DEOPT UNPACKING pc=0x0000013926aba1af sp=0x00000022118fc500 mode 2
Event: 23.214 Thread 0x000001391cb08800 Uncommon trap: trap_request=0xffffff4d fr.pc=0x000001392e84de18 relative=0x0000000000002958
Event: 23.214 Thread 0x000001391cb08800 Uncommon trap: reason=unstable_if action=reinterpret pc=0x000001392e84de18 method=java.lang.String.indexOf([BBILjava/lang/String;I)I @ 21 c2
Event: 23.214 Thread 0x000001391cb08800 DEOPT PACKING pc=0x000001392e84de18 sp=0x00000022118fc380
Event: 23.214 Thread 0x000001391cb08800 DEOPT UNPACKING pc=0x0000013926aba1af sp=0x00000022118fc268 mode 2
Event: 24.219 Thread 0x000001391cb08800 DEOPT PACKING pc=0x000001392717009c sp=0x00000022118fbc10
Event: 24.219 Thread 0x000001391cb08800 DEOPT UNPACKING pc=0x0000013926aba95e sp=0x00000022118fb128 mode 0
Event: 24.483 Thread 0x000001391cb08800 Uncommon trap: trap_request=0xffffff4d fr.pc=0x000001392e7d01cc relative=0x000000000000018c
Event: 24.484 Thread 0x000001391cb08800 Uncommon trap: reason=unstable_if action=reinterpret pc=0x000001392e7d01cc method=java.util.concurrent.ConcurrentHashMap.get(Ljava/lang/Object;)Ljava/lang/Object; @ 152 c2
Event: 24.484 Thread 0x000001391cb08800 DEOPT PACKING pc=0x000001392e7d01cc sp=0x00000022118fc660
Event: 24.484 Thread 0x000001391cb08800 DEOPT UNPACKING pc=0x0000013926aba1af sp=0x00000022118fc5d8 mode 2

Classes redefined (0 events):
No events

Internal exceptions (20 events):
Event: 10.834 Thread 0x000001391cb08800 Exception <a 'java/lang/NoSuchMethodError'{0x00000000e7fe9648}: 'void java.lang.invoke.DirectMethodHandle$Holder.invokeSpecial(java.lang.Object, java.lang.Object, java.lang.Object, java.lang.Object, java.lang.Object)'> (0x00000000e7fe9648) thrown at [./src/hotspot/share/interpreter/linkResolver.cpp, line 773]
Event: 10.836 Thread 0x000001391cb08800 Exception <a 'java/lang/NoSuchMethodError'{0x00000000e7ff8b40}: 'void java.lang.invoke.DirectMethodHandle$Holder.invokeStatic(java.lang.Object, java.lang.Object, int)'> (0x00000000e7ff8b40) thrown at [./src/hotspot/share/interpreter/linkResolver.cpp, line 773]
Event: 11.009 Thread 0x000001391cb08800 Exception <a 'java/lang/NoSuchMethodError'{0x00000000e72bee68}: 'int java.lang.invoke.DirectMethodHandle$Holder.invokeSpecialIFC(java.lang.Object, java.lang.Object, java.lang.Object)'> (0x00000000e72bee68) thrown at [./src/hotspot/share/interpreter/linkResolver.cpp, line 773]
Event: 11.289 Thread 0x000001391cb08800 Exception <a 'java/lang/NoSuchMethodError'{0x00000000ebbe3aa8}: 'void java.lang.invoke.DirectMethodHandle$Holder.invokeSpecial(java.lang.Object, java.lang.Object, java.lang.Object, java.lang.Object, java.lang.Object, java.lang.Object)'> (0x00000000ebbe3aa8) thrown at [./src/hotspot/share/interpreter/linkResolver.cpp, line 773]
Event: 14.100 Thread 0x000001391cb08800 Exception <a 'java/lang/NoSuchMethodError'{0x00000000e840f5a0}: 'java.lang.Object java.lang.invoke.DirectMethodHandle$Holder.invokeSpecialIFC(java.lang.Object, java.lang.Object, java.lang.Object)'> (0x00000000e840f5a0) thrown at [./src/hotspot/share/interpreter/linkResolver.cpp, line 773]
Event: 23.310 Thread 0x000001391cb08800 Exception <a 'java/lang/IncompatibleClassChangeError'{0x00000000e6a447b0}: Found class java.lang.Object, but interface was expected> (0x00000000e6a447b0) thrown at [./src/hotspot/share/interpreter/linkResolver.cpp, line 839]
Event: 23.324 Thread 0x000001391cb08800 Exception <a 'java/lang/IncompatibleClassChangeError'{0x00000000e6a4b5c8}: Found class java.lang.Object, but interface was expected> (0x00000000e6a4b5c8) thrown at [./src/hotspot/share/interpreter/linkResolver.cpp, line 839]
Event: 23.329 Thread 0x000001391cb08800 Exception <a 'java/lang/IncompatibleClassChangeError'{0x00000000e6a67680}: Found class java.lang.Object, but interface was expected> (0x00000000e6a67680) thrown at [./src/hotspot/share/interpreter/linkResolver.cpp, line 839]
Event: 23.329 Thread 0x000001391cb08800 Exception <a 'java/lang/IncompatibleClassChangeError'{0x00000000e6a6a870}: Found class java.lang.Object, but interface was expected> (0x00000000e6a6a870) thrown at [./src/hotspot/share/interpreter/linkResolver.cpp, line 839]
Event: 24.016 Thread 0x000001391cb08800 Exception <a 'java/lang/IncompatibleClassChangeError'{0x00000000e6a9c458}: Found class java.lang.Object, but interface was expected> (0x00000000e6a9c458) thrown at [./src/hotspot/share/interpreter/linkResolver.cpp, line 839]
Event: 24.016 Thread 0x000001391cb08800 Exception <a 'java/lang/IncompatibleClassChangeError'{0x00000000e6a9f6d0}: Found class java.lang.Object, but interface was expected> (0x00000000e6a9f6d0) thrown at [./src/hotspot/share/interpreter/linkResolver.cpp, line 839]
Event: 24.017 Thread 0x000001391cb08800 Exception <a 'java/lang/IncompatibleClassChangeError'{0x00000000e6aa55d0}: Found class java.lang.Object, but interface was expected> (0x00000000e6aa55d0) thrown at [./src/hotspot/share/interpreter/linkResolver.cpp, line 839]
Event: 24.018 Thread 0x000001391cb08800 Exception <a 'java/lang/IncompatibleClassChangeError'{0x00000000e6aa8580}: Found class java.lang.Object, but interface was expected> (0x00000000e6aa8580) thrown at [./src/hotspot/share/interpreter/linkResolver.cpp, line 839]
Event: 24.018 Thread 0x000001391cb08800 Exception <a 'java/lang/IncompatibleClassChangeError'{0x00000000e6aab570}: Found class java.lang.Object, but interface was expected> (0x00000000e6aab570) thrown at [./src/hotspot/share/interpreter/linkResolver.cpp, line 839]
Event: 24.019 Thread 0x000001391cb08800 Exception <a 'java/lang/IncompatibleClassChangeError'{0x00000000e6aae530}: Found class java.lang.Object, but interface was expected> (0x00000000e6aae530) thrown at [./src/hotspot/share/interpreter/linkResolver.cpp, line 839]
Event: 24.019 Thread 0x000001391cb08800 Exception <a 'java/lang/IncompatibleClassChangeError'{0x00000000e6ab15d0}: Found class java.lang.Object, but interface was expected> (0x00000000e6ab15d0) thrown at [./src/hotspot/share/interpreter/linkResolver.cpp, line 839]
Event: 24.019 Thread 0x000001391cb08800 Exception <a 'java/lang/IncompatibleClassChangeError'{0x00000000e6ab4610}: Found class java.lang.Object, but interface was expected> (0x00000000e6ab4610) thrown at [./src/hotspot/share/interpreter/linkResolver.cpp, line 839]
Event: 24.020 Thread 0x000001391cb08800 Exception <a 'java/lang/IncompatibleClassChangeError'{0x00000000e6ab7678}: Found class java.lang.Object, but interface was expected> (0x00000000e6ab7678) thrown at [./src/hotspot/share/interpreter/linkResolver.cpp, line 839]
Event: 24.021 Thread 0x000001391cb08800 Exception <a 'sun/nio/fs/WindowsException'{0x00000000e6aba618}> (0x00000000e6aba618) thrown at [./src/hotspot/share/prims/jni.cpp, line 617]
Event: 24.612 Thread 0x000001391cb08800 Exception <a 'java/lang/IncompatibleClassChangeError'{0x00000000eb638cd8}: Found class java.lang.Object, but interface was expected> (0x00000000eb638cd8) thrown at [./src/hotspot/share/interpreter/linkResolver.cpp, line 839]

Events (20 events):
Event: 24.618 loading class org/testng/ITestResult
Event: 24.618 loading class org/testng/ITestResult done
Event: 24.619 loading class org/testng/ITestNGMethod
Event: 24.619 loading class org/testng/ITestNGMethod done
Event: 24.622 loading class io/qameta/allure/model/Label
Event: 24.622 loading class io/qameta/allure/model/Label done
Event: 24.635 loading class io/qameta/allure/model/Label
Event: 24.635 loading class io/qameta/allure/model/Label done
Event: 24.636 loading class io/qameta/allure/model/Label
Event: 24.636 loading class io/qameta/allure/model/Label done
Event: 24.636 loading class io/qameta/allure/model/Label
Event: 24.636 loading class io/qameta/allure/model/Label done
Event: 24.637 loading class org/testng/xml/XmlSuite
Event: 24.637 loading class org/testng/xml/XmlSuite done
Event: 24.643 loading class org/testng/xml/XmlTest
Event: 24.643 loading class org/testng/xml/XmlTest done
Event: 24.643 loading class org/testng/xml/XmlSuite
Event: 24.643 loading class org/testng/xml/XmlSuite done
Event: 24.644 loading class org/testng/xml/XmlTest
Event: 24.644 loading class org/testng/xml/XmlTest done


Dynamic libraries:
0x00007ff6aba40000 - 0x00007ff6aba4d000 	C:\Program Files\java\jdk-11.0.18+10\bin\java.exe
0x00007ffe78b00000 - 0x00007ffe78d63000 	C:\WINDOWS\SYSTEM32\ntdll.dll
0x00007ffe773d0000 - 0x00007ffe77497000 	C:\WINDOWS\System32\KERNEL32.DLL
0x00007ffe76220000 - 0x00007ffe765e7000 	C:\WINDOWS\System32\KERNELBASE.dll
0x00007ffe765f0000 - 0x00007ffe7673c000 	C:\WINDOWS\System32\ucrtbase.dll
0x00007ffe62cb0000 - 0x00007ffe62cc7000 	C:\Program Files\java\jdk-11.0.18+10\bin\jli.dll
0x00007ffe62cd0000 - 0x00007ffe62ce9000 	C:\Program Files\java\jdk-11.0.18+10\bin\VCRUNTIME140.dll
0x00007ffe76f50000 - 0x00007ffe77119000 	C:\WINDOWS\System32\USER32.dll
0x00007ffe761f0000 - 0x00007ffe76217000 	C:\WINDOWS\System32\win32u.dll
0x00007ffe639a0000 - 0x00007ffe63c30000 	C:\WINDOWS\WinSxS\amd64_microsoft.windows.common-controls_6595b64144ccf1df_6.0.26100.3037_none_3e09262ce333c378\COMCTL32.dll
0x00007ffe772f0000 - 0x00007ffe77399000 	C:\WINDOWS\System32\msvcrt.dll
0x00007ffe774a0000 - 0x00007ffe774ca000 	C:\WINDOWS\System32\GDI32.dll
0x00007ffe76020000 - 0x00007ffe7614b000 	C:\WINDOWS\System32\gdi32full.dll
0x00007ffe76890000 - 0x00007ffe76933000 	C:\WINDOWS\System32\msvcp_win.dll
0x00007ffe77e60000 - 0x00007ffe77e8f000 	C:\WINDOWS\System32\IMM32.DLL
0x00007ffe717d0000 - 0x00007ffe717dc000 	C:\Program Files\java\jdk-11.0.18+10\bin\vcruntime140_1.dll
0x00007ffe23c80000 - 0x00007ffe23d11000 	C:\Program Files\java\jdk-11.0.18+10\bin\msvcp140.dll
0x00007ffddb590000 - 0x00007ffddc14a000 	C:\Program Files\java\jdk-11.0.18+10\bin\server\jvm.dll
0x00007ffe77690000 - 0x00007ffe77744000 	C:\WINDOWS\System32\ADVAPI32.dll
0x00007ffe78360000 - 0x00007ffe78406000 	C:\WINDOWS\System32\sechost.dll
0x00007ffe77f20000 - 0x00007ffe78036000 	C:\WINDOWS\System32\RPCRT4.dll
0x00007ffe769a0000 - 0x00007ffe769a8000 	C:\WINDOWS\System32\PSAPI.DLL
0x00007ffe5dbb0000 - 0x00007ffe5dbba000 	C:\WINDOWS\SYSTEM32\WSOCK32.dll
0x00007ffe77ea0000 - 0x00007ffe77f14000 	C:\WINDOWS\System32\WS2_32.dll
0x00007ffe63770000 - 0x00007ffe637a6000 	C:\WINDOWS\SYSTEM32\WINMM.dll
0x00007ffe6e720000 - 0x00007ffe6e72b000 	C:\WINDOWS\SYSTEM32\VERSION.dll
0x00007ffe74de0000 - 0x00007ffe74dfa000 	C:\WINDOWS\SYSTEM32\kernel.appcore.dll
0x00007ffe62ca0000 - 0x00007ffe62cb0000 	C:\Program Files\java\jdk-11.0.18+10\bin\verify.dll
0x00007ffe6d6a0000 - 0x00007ffe6d8e1000 	C:\WINDOWS\SYSTEM32\DBGHELP.DLL
0x00007ffe76bc0000 - 0x00007ffe76f3e000 	C:\WINDOWS\System32\combase.dll
0x00007ffe78130000 - 0x00007ffe78206000 	C:\WINDOWS\System32\OLEAUT32.dll
0x00007ffe235b0000 - 0x00007ffe235e9000 	C:\WINDOWS\SYSTEM32\dbgcore.DLL
0x00007ffe76150000 - 0x00007ffe761e9000 	C:\WINDOWS\System32\bcryptPrimitives.dll
0x00007ffe62a40000 - 0x00007ffe62a68000 	C:\Program Files\java\jdk-11.0.18+10\bin\java.dll
0x00007ffe62a30000 - 0x00007ffe62a3a000 	C:\Program Files\java\jdk-11.0.18+10\bin\jimage.dll
0x00007ffe5aef0000 - 0x00007ffe5aefe000 	C:\Program Files\java\jdk-11.0.18+10\bin\instrument.dll
0x00007ffe54e60000 - 0x00007ffe54e78000 	C:\Program Files\java\jdk-11.0.18+10\bin\zip.dll
0x00007ffe77750000 - 0x00007ffe77e54000 	C:\WINDOWS\System32\SHELL32.dll
0x00007ffe73c00000 - 0x00007ffe74437000 	C:\WINDOWS\SYSTEM32\windows.storage.dll
0x00007ffe78040000 - 0x00007ffe78129000 	C:\WINDOWS\System32\SHCORE.dll
0x00007ffe76940000 - 0x00007ffe7699d000 	C:\WINDOWS\System32\shlwapi.dll
0x00007ffe75db0000 - 0x00007ffe75dde000 	C:\WINDOWS\SYSTEM32\profapi.dll
0x00007ffe54e40000 - 0x00007ffe54e59000 	C:\Program Files\java\jdk-11.0.18+10\bin\net.dll
0x00007ffe6e060000 - 0x00007ffe6e17e000 	C:\WINDOWS\SYSTEM32\WINHTTP.dll
0x00007ffe752f0000 - 0x00007ffe7535a000 	C:\WINDOWS\system32\mswsock.dll
0x00007ffe54c60000 - 0x00007ffe54c73000 	C:\Program Files\java\jdk-11.0.18+10\bin\nio.dll
0x00007ffe75590000 - 0x00007ffe755ac000 	C:\WINDOWS\SYSTEM32\CRYPTSP.dll
0x00007ffe74d40000 - 0x00007ffe74d78000 	C:\WINDOWS\system32\rsaenh.dll
0x00007ffe75390000 - 0x00007ffe753bb000 	C:\WINDOWS\SYSTEM32\USERENV.dll
0x00007ffe757d0000 - 0x00007ffe757f6000 	C:\WINDOWS\SYSTEM32\bcrypt.dll
0x00007ffe755b0000 - 0x00007ffe755bc000 	C:\WINDOWS\SYSTEM32\CRYPTBASE.dll
0x00007ffe747f0000 - 0x00007ffe74822000 	C:\WINDOWS\SYSTEM32\IPHLPAPI.DLL
0x00007ffe78a50000 - 0x00007ffe78a5a000 	C:\WINDOWS\System32\NSI.dll
0x00007ffe6dec0000 - 0x00007ffe6dedf000 	C:\WINDOWS\SYSTEM32\dhcpcsvc6.DLL
0x00007ffe6de90000 - 0x00007ffe6deb5000 	C:\WINDOWS\SYSTEM32\dhcpcsvc.DLL
0x00007ffe74890000 - 0x00007ffe749b5000 	C:\WINDOWS\SYSTEM32\DNSAPI.dll
0x00007ffe55670000 - 0x00007ffe55697000 	C:\Program Files\java\jdk-11.0.18+10\bin\sunec.dll
0x00007ffe69ef0000 - 0x00007ffe69efb000 	C:\Windows\System32\rasadhlp.dll
0x00007ffe6ae10000 - 0x00007ffe6ae95000 	C:\WINDOWS\System32\fwpuclnt.dll
0x00007ffe5aed0000 - 0x00007ffe5aed9000 	C:\Program Files\java\jdk-11.0.18+10\bin\management.dll
0x00007ffe5aea0000 - 0x00007ffe5aeab000 	C:\Program Files\java\jdk-11.0.18+10\bin\management_ext.dll
0x00007ffe440b0000 - 0x00007ffe440c8000 	C:\WINDOWS\system32\napinsp.dll
0x00007ffe44160000 - 0x00007ffe44172000 	C:\WINDOWS\System32\winrnr.dll
0x00007ffe44130000 - 0x00007ffe44152000 	C:\WINDOWS\system32\nlansp_c.dll
0x00007ffe6dbb0000 - 0x00007ffe6dbc6000 	C:\WINDOWS\system32\wshbth.dll

dbghelp: loaded successfully - version: 4.0.5 - missing functions: none
symbol engine: initialized successfully - sym options: 0x614 - pdb path: .;C:\Program Files\java\jdk-11.0.18+10\bin;C:\WINDOWS\SYSTEM32;C:\WINDOWS\WinSxS\amd64_microsoft.windows.common-controls_6595b64144ccf1df_6.0.26100.3037_none_3e09262ce333c378;C:\Program Files\java\jdk-11.0.18+10\bin\server

VM Arguments:
jvm_args: -Dawt.toolkit=sun.awt.windows.WToolkit -Dfile.separator=\ -Didea.active=true -Didea.vendor.name=JetBrains -Didea.version=2024.3.3 -Djava.awt.graphicsenv=sun.awt.Win32GraphicsEnvironment -Djava.awt.printerjob=sun.awt.windows.WPrinterJob -Djava.class.version=55.0 -Djava.home=C:\Program Files\Java\jdk-11.0.18+10 -Djava.library.path=C:\Program Files\Java\jdk-11.0.18+10\bin;C:\WINDOWS\Sun\Java\bin;C:\WINDOWS\system32;C:\WINDOWS;C:\Program Files (x86)\Common Files\Oracle\Java\javapath;C:\Python311\Scripts\;C:\Python311\;C:\WINDOWS\system32;C:\WINDOWS;C:\WINDOWS\System32\Wbem;C:\WINDOWS\System32\WindowsPowerShell\v1.0\;C:\WINDOWS\System32\OpenSSH\;C:\Program Files (x86)\NVIDIA Corporation\PhysX\Common;C:\Program Files\NVIDIA Corporation\NVIDIA NvDLISR;C:\Program Files\java\jdk-11.0.18+10\bin;C:\ProgramData\chocolatey\bin;C:\Program Files\TortoiseGit\bin;C:\Program Files\Git\cmd;C:\Program Files\nodejs\;C:\Users\skoli\AppData\Local\Microsoft\WindowsApps;C:\Users\skoli\AppData\Local\Programs\Microsoft VS Code\bin;C:\ProgramData\skoli\GitHubDesktop\bin;C:\Users\skoli\AppData\Local\GitHubDesktop\bin;C:\Users\skoli\AppData\Roaming\npm;D:\IDEA\IntelliJ IDEA Community Edition 2024.3.3\bin;;;. -Djava.runtime.name=OpenJDK Runtime Environment -Djava.runtime.version=11.0.18+10 -Djava.specification.name=Java Platform API Specification -Djava.specification.vendor=Oracle Corporation -Djava.specification.version=11 -Djava.vendor=Eclipse Adoptium -Djava.vendor.url=https://adoptium.net/ -Djava.vendor.url.bug=https://github.com/adoptium/adoptium-support/issues -Djava.vendor.version=Temurin-11.0.18+10 -Djava.version=11.0.18 -Djava.version.date=2023-01-17 -Djava.vm.compressedOopsMode=32-bit -Djava.vm.info=mixed mode -Djava.vm.name=OpenJDK 64-Bit Server VM -Djava.vm.specification.name=Java Virtual Machine Specification -Djava.vm.specification.vendor=Oracle Corporation -Djava.vm.specification.version=11 -Djava.vm.vendor=Eclipse Adoptium -Djava.vm.version=11.0.18+10 -Djdk.debug=release -Dlibrary.jansi.path=C:\Users\skoli\.gradle\native\jansi\1.18\windows64 -Dline.separator=
 -Dorg.gradle.internal.worker.tmpdir=C:\Users\skoli\IdeaProjects\CT_UI\build\tmp\test\work -Dos.arch=amd64 -Dos.name=Windows 11 -Dos.version=10.0 -Dpath.separator=; -Dsun.arch.data.model=64 -Dsun.boot.library.path=C:\Program Files\Java\jdk-11.0.18+10\bin -Dsun.cpu.endian=little -Dsun.cpu.isalist=amd64 -Dsun.desktop=windows -Dsun.io.unicode.encoding=UnicodeLittle -Dsun.jnu.encoding=Cp1251 -Dsun.management.compiler=HotSpot 64-Bit Tiered Compilers -Dsun.os.patch.level -Duser.dir=C:\Users\skoli\IdeaProjects\CT_UI -Duser.home=C:\Users\skoli -Duser.name=skoli -Duser.script -Duser.timezone=GMT+04:00 -javaagent:C:\Users\skoli\.gradle\caches\modules-2\files-2.1\org.aspectj\aspectjweaver\1.9.9.1\dcd2703279a94ad909fa3f3d08671cb0f2dabf7\aspectjweaver-1.9.9.1.jar -Xmx512m -Dfile.encoding=UTF-8 -Djava.io.tmpdir=C:\Users\skoli\AppData\Local\Temp\ -Duser.country=RU -Duser.language=ru -Duser.variant -ea 
java_command: worker.org.gradle.process.internal.worker.GradleWorkerMain 'Gradle Test Executor 22'
java_class_path (initial): C:\\Users\\skoli\\.gradle\\caches\\8.10\\workerMain\\gradle-worker.jar;C:\\Users\\skoli\\IdeaProjects\\CT_UI\\build\\classes\\java\\test;C:\\Users\\skoli\\IdeaProjects\\CT_UI\\build\\resources\\test;C:\\Users\\skoli\\IdeaProjects\\CT_UI\\build\\classes\\java\\main;C:\\Users\\skoli\\.gradle\\caches\\modules-2\\files-2.1\\com.codeborne\\selenide\\6.12.0\\ccd95fbf58c5aadbadc270a826b07d1ead73e2bf\\selenide-6.12.0.jar;C:\\Users\\skoli\\.gradle\\caches\\modules-2\\files-2.1\\com.codeborne\\selenide-core\\6.12.0\\249e236049fcc61e74ba90d94218cd3c72a3c573\\selenide-core-6.12.0.jar;C:\\Users\\skoli\\.gradle\\caches\\modules-2\\files-2.1\\org.seleniumhq.selenium\\selenium-java\\4.10.0\\18cef0adbc08d152da07b234a04f6e8240ce215f\\selenium-java-4.10.0.jar;C:\\Users\\skoli\\.gradle\\caches\\modules-2\\files-2.1\\io.github.bonigarcia\\webdrivermanager\\5.6.2\\61640f4c4659ef16b18a9a911a2ad6921abc148a\\webdrivermanager-5.6.2.jar;C:\\Users\\skoli\\.gradle\\caches\\modules-2\\files-2.1\\io.qameta.allure\\allure-testng\\2.24.0\\ff47dc6b6be9e505cdbcb576ce7c50ac281e1023\\allure-testng-2.24.0.jar;C:\\Users\\skoli\\.gradle\\caches\\modules-2\\files-2.1\\org.testng\\testng\\7.8.0\\90ff6902a350432ce23ef209b2f109bcf587069c\\testng-7.8.0.jar;C:\\Users\\skoli\\.gradle\\caches\\modules-2\\files-2.1\\org.slf4j\\slf4j-simple\\2.0.9\\6367825de95d8885aae056afa793f25a76a84b7d\\slf4j-simple-2.0.9.jar;C:\\Users\\skoli\\.gradle\\caches\\modules-2\\files-2.1\\io.qameta.allure\\allure-test-filter\\2.24.0\\fbbf36a6da1675ce3f666cae6bb439bf0aadd5a1\\allure-test-filter-2.24.0.jar;C:\\Users\\skoli\\.gradle\\caches\\modules-2\\files-2.1\\io.qameta.allure\\allure-java-commons\\2.24.0\\9deef1019dd7eeb302dd2585259b33b19bb1fa53\\allure-java-commons-2.24.0.jar;C:\\Users\\skoli\\.gradle\\caches\\modules-2\\files-2.1\\io.qameta.allure\\allure-model\\2.24.0\\d9a7bab8d4cc35d70d65e7f6e2e32b7c005a05ae\\allure-model-2.24.0.jar;C:\\Users\\skoli\\.gradle\\caches\\modules-2\\files-2.1\\org.seleniumh
Launcher Type: SUN_STANDARD

[Global flags]
     intx CICompilerCount                          = 3                                         {product} {ergonomic}
     uint ConcGCThreads                            = 1                                         {product} {ergonomic}
     uint G1ConcRefinementThreads                  = 4                                         {product} {ergonomic}
   size_t G1HeapRegionSize                         = 1048576                                   {product} {ergonomic}
    uintx GCDrainStackTargetSize                   = 64                                        {product} {ergonomic}
   size_t InitialHeapSize                          = 201326592                                 {product} {ergonomic}
   size_t MarkStackSize                            = 4194304                                   {product} {ergonomic}
   size_t MaxHeapSize                              = 536870912                                 {product} {command line}
   size_t MaxNewSize                               = 321912832                                 {product} {ergonomic}
   size_t MinHeapDeltaBytes                        = 1048576                                   {product} {ergonomic}
    uintx NonNMethodCodeHeapSize                   = 5830732                                {pd product} {ergonomic}
    uintx NonProfiledCodeHeapSize                  = 122913754                              {pd product} {ergonomic}
    uintx ProfiledCodeHeapSize                     = 122913754                              {pd product} {ergonomic}
    uintx ReservedCodeCacheSize                    = 251658240                              {pd product} {ergonomic}
     bool SegmentedCodeCache                       = true                                      {product} {ergonomic}
     bool UseCompressedClassPointers               = true                                 {lp64_product} {ergonomic}
     bool UseCompressedOops                        = true                                 {lp64_product} {ergonomic}
     bool UseG1GC                                  = true                                      {product} {ergonomic}
     bool UseLargePagesIndividualAllocation        = false                                  {pd product} {ergonomic}

Logging:
Log output configuration:
 #0: stdout all=warning uptime,level,tags
 #1: stderr all=off uptime,level,tags

Environment Variables:
JAVA_HOME=C:\Program Files\java\jdk-11.0.18+10
PATH=C:\Program Files (x86)\Common Files\Oracle\Java\javapath;C:\Python311\Scripts\;C:\Python311\;C:\WINDOWS\system32;C:\WINDOWS;C:\WINDOWS\System32\Wbem;C:\WINDOWS\System32\WindowsPowerShell\v1.0\;C:\WINDOWS\System32\OpenSSH\;C:\Program Files (x86)\NVIDIA Corporation\PhysX\Common;C:\Program Files\NVIDIA Corporation\NVIDIA NvDLISR;C:\Program Files\java\jdk-11.0.18+10\bin;C:\ProgramData\chocolatey\bin;C:\Program Files\TortoiseGit\bin;C:\Program Files\Git\cmd;C:\Program Files\nodejs\;C:\Users\skoli\AppData\Local\Microsoft\WindowsApps;C:\Users\skoli\AppData\Local\Programs\Microsoft VS Code\bin;C:\ProgramData\skoli\GitHubDesktop\bin;C:\Users\skoli\AppData\Local\GitHubDesktop\bin;C:\Users\skoli\AppData\Roaming\npm;D:\IDEA\IntelliJ IDEA Community Edition 2024.3.3\bin;;
USERNAME=skoli
OS=Windows_NT
PROCESSOR_IDENTIFIER=Intel64 Family 6 Model 61 Stepping 4, GenuineIntel
TMP=C:\Users\skoli\AppData\Local\Temp
TEMP=C:\Users\skoli\AppData\Local\Temp



---------------  S Y S T E M  ---------------

OS: Windows 11 , 64 bit Build 26100 (10.0.26100.3037)
OS uptime: 1 days 19:24 hours

CPU:total 4 (initial active 4) (2 cores per cpu, 2 threads per core) family 6 model 61 stepping 4 microcode 0x2f, cmov, cx8, fxsr, mmx, sse, sse2, sse3, ssse3, sse4.1, sse4.2, popcnt, avx, avx2, aes, clmul, erms, 3dnowpref, lzcnt, ht, tsc, tscinvbit, bmi1, bmi2, adx, fma

Memory: 4k page, system-wide physical 12190M (1835M free)
TotalPageFile size 27344M (AvailPageFile size 5M)
current process WorkingSet (physical memory assigned to process): 341M, peak: 348M
current process commit charge ("private bytes"): 388M, peak: 398M

vm_info: OpenJDK 64-Bit Server VM (11.0.18+10) for windows-amd64 JRE (11.0.18+10), built on Jan 18 2023 04:27:27 by "" with MS VC++ 16.7 (VS2019)

END.
